SF:lib\components\conta_dialog.dart
DA:6,2
DA:11,2
DA:12,0
DA:15,2
DA:16,6
DA:19,0
DA:20,0
DA:22,2
DA:37,2
DA:39,2
DA:41,2
DA:42,2
DA:43,2
DA:44,2
DA:45,2
DA:46,2
DA:47,2
DA:49,2
DA:50,2
DA:52,2
DA:53,2
DA:54,2
DA:59,2
DA:60,2
DA:61,4
DA:63,2
DA:65,0
DA:68,2
DA:72,2
DA:73,2
DA:74,2
DA:76,1
DA:77,1
DA:80,2
DA:83,1
DA:90,2
DA:96,1
DA:97,1
DA:105,2
DA:120,3
DA:126,2
DA:127,2
DA:128,0
DA:131,2
DA:132,1
DA:133,2
DA:135,3
DA:136,3
DA:138,1
DA:139,0
DA:144,1
DA:147,1
DA:148,1
LF:53
LH:47
end_of_record
SF:lib\providers\contas_provider.dart
DA:12,3
DA:21,1
DA:22,1
DA:23,1
DA:24,1
DA:25,1
DA:27,2
DA:28,1
DA:29,0
DA:30,2
DA:31,1
DA:32,1
DA:36,1
DA:37,1
DA:38,1
DA:39,1
DA:40,1
DA:41,1
DA:42,1
DA:51,1
DA:52,0
DA:54,1
DA:55,1
DA:56,1
DA:59,1
DA:60,1
DA:61,5
DA:64,1
DA:65,1
DA:66,1
DA:67,1
DA:68,1
DA:69,1
DA:70,1
DA:71,5
DA:75,1
DA:76,1
DA:77,3
DA:81,1
DA:82,1
DA:83,5
LF:41
LH:39
end_of_record
SF:lib\pages\cadastro_page.dart
DA:11,1
DA:12,3
DA:13,2
DA:14,2
DA:16,3
DA:17,1
DA:21,1
DA:22,1
DA:26,0
DA:27,0
DA:29,0
DA:31,0
DA:36,1
DA:37,1
DA:39,3
DA:42,1
DA:44,1
DA:45,1
DA:46,1
DA:47,1
DA:53,1
DA:54,1
DA:56,1
DA:58,1
DA:59,1
DA:61,1
DA:68,1
DA:69,1
DA:70,1
DA:72,1
DA:77,1
DA:78,1
DA:80,1
DA:82,1
DA:86,1
DA:87,1
DA:89,1
DA:91,1
DA:95,1
DA:97,1
DA:98,2
LF:41
LH:37
end_of_record
SF:lib\pages\conta_page.dart
DA:10,1
DA:12,1
DA:13,1
DA:17,1
DA:19,1
DA:20,3
DA:21,5
DA:25,1
DA:27,1
DA:28,1
DA:34,1
DA:35,1
DA:36,1
DA:38,1
DA:39,1
DA:43,2
DA:47,1
DA:49,1
DA:53,1
DA:54,1
DA:55,1
DA:56,1
DA:57,1
DA:59,0
DA:60,0
DA:63,0
DA:64,0
DA:75,1
DA:76,1
DA:77,1
DA:79,0
DA:80,0
LF:32
LH:26
end_of_record
SF:lib\components\conta_card.dart
DA:8,1
DA:10,1
DA:16,2
DA:17,1
DA:21,1
DA:30,1
DA:33,2
DA:34,1
DA:35,8
DA:36,1
DA:38,1
DA:39,5
DA:40,1
DA:41,3
DA:42,1
DA:46,1
DA:47,2
LF:17
LH:17
end_of_record
